train
features = shum700, train.acc = 0.677395, test.acc = 0.654646
features = P500, shum700, train.acc = 0.730728, test.acc = 0.717437
features = Vas, P500, shum700, train.acc = 0.747586, test.acc = 0.746712
features = V700, Vas, P500, shum700, train.acc = 0.752797, test.acc = 0.740348
features = R500, V700, Vas, P500, shum700, train.acc = 0.758621, test.acc = 0.744166
features = Uas, R500, V700, Vas, P500, shum700, train.acc = 0.761226, test.acc = 0.746288
features = dlwrf, Uas, R500, V700, Vas, P500, shum700, train.acc = 0.763678, test.acc = 0.747136
features = temp700, dlwrf, Uas, R500, V700, Vas, P500, shum700, train.acc = 0.764598, test.acc = 0.747136
features = V925, temp700, dlwrf, Uas, R500, V700, Vas, P500, shum700, train.acc = 0.765364, test.acc = 0.745015
test
features = R850, train.acc = 0.663602, test.acc = 0.666950
features = shum500, R850, train.acc = 0.680460, test.acc = 0.697921
features = Vas, shum500, R850, train.acc = 0.702375, test.acc = 0.714043
features = P850, Vas, shum500, R850, train.acc = 0.723985, test.acc = 0.735681
features = shum700, P850, Vas, shum500, R850, train.acc = 0.740536, test.acc = 0.737802
features = P300, shum700, P850, Vas, shum500, R850, train.acc = 0.753103, test.acc = 0.751379
features = U850, P300, shum700, P850, Vas, shum500, R850, train.acc = 0.752644, test.acc = 0.753500
and
features = R850, train.acc = 0.663602, test.acc = 0.666950
features = R500, R850, train.acc = 0.688123, test.acc = 0.694527
features = P500, R500, R850, train.acc = 0.712950, test.acc = 0.701739
features = shum700, P500, R500, R850, train.acc = 0.740383, test.acc = 0.727196
features = Vas, shum700, P500, R500, R850, train.acc = 0.750192, test.acc = 0.754349
or
features = shum700, train.acc = 0.677395, test.acc = 0.654646
features = Vas, shum700, train.acc = 0.721686, test.acc = 0.723801
features = P500, Vas, shum700, train.acc = 0.747586, test.acc = 0.746712
features = uswrf, P500, Vas, shum700, train.acc = 0.747586, test.acc = 0.746712
mean
features = shum700, train.acc = 0.677395, test.acc = 0.654646
features = P500, shum700, train.acc = 0.730728, test.acc = 0.717437
features = Vas, P500, shum700, train.acc = 0.747586, test.acc = 0.746712
features = shum300, Vas, P500, shum700, train.acc = 0.748046, test.acc = 0.755197
features = U700, shum300, Vas, P500, shum700, train.acc = 0.750498, test.acc = 0.758167
features = R500, U700, shum300, Vas, P500, shum700, train.acc = 0.754789, test.acc = 0.755622
features = U500, R500, U700, shum300, Vas, P500, shum700, train.acc = 0.755556, test.acc = 0.759016
features = shum400, U500, R500, U700, shum300, Vas, P500, shum700, train.acc = 0.755862, test.acc = 0.759864
features = U850, shum400, U500, R500, U700, shum300, Vas, P500, shum700, train.acc = 0.756628, test.acc = 0.759440
features = U925, U850, shum400, U500, R500, U700, shum300, Vas, P500, shum700, train.acc = 0.756015, test.acc = 0.760713
features = P300, U925, U850, shum400, U500, R500, U700, shum300, Vas, P500, shum700, train.acc = 0.756322, test.acc = 0.760713
harmonic-mean
features = shum700, train.acc = 0.677395, test.acc = 0.654646
features = P500, shum700, train.acc = 0.730728, test.acc = 0.717437
features = Vas, P500, shum700, train.acc = 0.747586, test.acc = 0.746712
features = shum300, Vas, P500, shum700, train.acc = 0.748046, test.acc = 0.755197
features = U700, shum300, Vas, P500, shum700, train.acc = 0.750498, test.acc = 0.758167
features = R500, U700, shum300, Vas, P500, shum700, train.acc = 0.754789, test.acc = 0.755622
features = U500, R500, U700, shum300, Vas, P500, shum700, train.acc = 0.755556, test.acc = 0.759016
features = shum400, U500, R500, U700, shum300, Vas, P500, shum700, train.acc = 0.755862, test.acc = 0.759864
features = U850, shum400, U500, R500, U700, shum300, Vas, P500, shum700, train.acc = 0.756628, test.acc = 0.759440
features = U925, U850, shum400, U500, R500, U700, shum300, Vas, P500, shum700, train.acc = 0.756015, test.acc = 0.760713
features = P300, U925, U850, shum400, U500, R500, U700, shum300, Vas, P500, shum700, train.acc = 0.756322, test.acc = 0.760713
