train
features = shum700, train.acc = 0.705314, test.acc = 0.719064
features = V700, shum700, train.acc = 0.726147, test.acc = 0.734532
features = P500, V700, shum700, train.acc = 0.735356, test.acc = 0.737876
features = U500, P500, V700, shum700, train.acc = 0.739432, test.acc = 0.739967
features = R850, U500, P500, V700, shum700, train.acc = 0.743056, test.acc = 0.736204
features = Uas, R850, U500, P500, V700, shum700, train.acc = 0.746226, test.acc = 0.736622
features = U850, Uas, R850, U500, P500, V700, shum700, train.acc = 0.746679, test.acc = 0.736622
features = shum400, U850, Uas, R850, U500, P500, V700, shum700, train.acc = 0.748037, test.acc = 0.736622
features = temp700, shum400, U850, Uas, R850, U500, P500, V700, shum700, train.acc = 0.749396, test.acc = 0.743311
features = uswrf, temp700, shum400, U850, Uas, R850, U500, P500, V700, shum700, train.acc = 0.750755, test.acc = 0.742057
features = dlwrf, uswrf, temp700, shum400, U850, Uas, R850, U500, P500, V700, shum700, train.acc = 0.751510, test.acc = 0.744983
features = shum500, dlwrf, uswrf, temp700, shum400, U850, Uas, R850, U500, P500, V700, shum700, train.acc = 0.753019, test.acc = 0.744983
features = V500, shum500, dlwrf, uswrf, temp700, shum400, U850, Uas, R850, U500, P500, V700, shum700, train.acc = 0.753472, test.acc = 0.744147
test
features = shum700, train.acc = 0.705314, test.acc = 0.719064
features = V700, shum700, train.acc = 0.726147, test.acc = 0.734532
features = V850, V700, shum700, train.acc = 0.726600, test.acc = 0.742057
features = U925, V850, V700, shum700, train.acc = 0.725694, test.acc = 0.743311
and
features = shum700, train.acc = 0.705314, test.acc = 0.719064
features = V700, shum700, train.acc = 0.726147, test.acc = 0.734532
features = P500, V700, shum700, train.acc = 0.735356, test.acc = 0.737876
features = U500, P500, V700, shum700, train.acc = 0.739432, test.acc = 0.739967
features = Uas, U500, P500, V700, shum700, train.acc = 0.740187, test.acc = 0.740385
features = U850, Uas, U500, P500, V700, shum700, train.acc = 0.740338, test.acc = 0.740803
features = shum400, U850, Uas, U500, P500, V700, shum700, train.acc = 0.742905, test.acc = 0.742475
features = dswrf, shum400, U850, Uas, U500, P500, V700, shum700, train.acc = 0.743056, test.acc = 0.745401
or
features = shum700, train.acc = 0.705314, test.acc = 0.719064
features = V700, shum700, train.acc = 0.726147, test.acc = 0.734532
features = Vas, V700, shum700, train.acc = 0.728110, test.acc = 0.738294
features = dswrf, Vas, V700, shum700, train.acc = 0.729620, test.acc = 0.738712
mean
features = shum700, train.acc = 0.705314, test.acc = 0.719064
features = V700, shum700, train.acc = 0.726147, test.acc = 0.734532
features = P500, V700, shum700, train.acc = 0.735356, test.acc = 0.737876
features = U500, P500, V700, shum700, train.acc = 0.739432, test.acc = 0.739967
features = Uas, U500, P500, V700, shum700, train.acc = 0.740187, test.acc = 0.740385
features = temp700, Uas, U500, P500, V700, shum700, train.acc = 0.739281, test.acc = 0.747910
features = Vas, temp700, Uas, U500, P500, V700, shum700, train.acc = 0.743810, test.acc = 0.749582
features = Tas, Vas, temp700, Uas, U500, P500, V700, shum700, train.acc = 0.745018, test.acc = 0.752926
features = rhum, Tas, Vas, temp700, Uas, U500, P500, V700, shum700, train.acc = 0.744112, test.acc = 0.756689
features = uswrf, rhum, Tas, Vas, temp700, Uas, U500, P500, V700, shum700, train.acc = 0.745169, test.acc = 0.755853
features = U700, uswrf, rhum, Tas, Vas, temp700, Uas, U500, P500, V700, shum700, train.acc = 0.745471, test.acc = 0.755853
harmonic-mean
features = shum700, train.acc = 0.705314, test.acc = 0.719064
features = V700, shum700, train.acc = 0.726147, test.acc = 0.734532
features = P500, V700, shum700, train.acc = 0.735356, test.acc = 0.737876
features = U500, P500, V700, shum700, train.acc = 0.739432, test.acc = 0.739967
features = Uas, U500, P500, V700, shum700, train.acc = 0.740187, test.acc = 0.740385
features = temp700, Uas, U500, P500, V700, shum700, train.acc = 0.739281, test.acc = 0.747910
features = Vas, temp700, Uas, U500, P500, V700, shum700, train.acc = 0.743810, test.acc = 0.749582
features = Tas, Vas, temp700, Uas, U500, P500, V700, shum700, train.acc = 0.745018, test.acc = 0.752926
features = dswrf, Tas, Vas, temp700, Uas, U500, P500, V700, shum700, train.acc = 0.746981, test.acc = 0.753763
features = V500, dswrf, Tas, Vas, temp700, Uas, U500, P500, V700, shum700, train.acc = 0.748490, test.acc = 0.752926
features = U850, V500, dswrf, Tas, Vas, temp700, Uas, U500, P500, V700, shum700, train.acc = 0.749547, test.acc = 0.752926
features = P300, U850, V500, dswrf, Tas, Vas, temp700, Uas, U500, P500, V700, shum700, train.acc = 0.749547, test.acc = 0.753763
