train
features = shum700, train.acc = 0.699074, test.acc = 0.697436
features = shum300, shum700, train.acc = 0.732407, test.acc = 0.720513
features = V700, shum300, shum700, train.acc = 0.747222, test.acc = 0.720513
features = P500, V700, shum300, shum700, train.acc = 0.761111, test.acc = 0.733333
features = P300, P500, V700, shum300, shum700, train.acc = 0.771296, test.acc = 0.730769
test
features = shum500, train.acc = 0.687037, test.acc = 0.705128
features = dlwrf, shum500, train.acc = 0.689815, test.acc = 0.738462
features = U850, dlwrf, shum500, train.acc = 0.704630, test.acc = 0.761538
features = V500, U850, dlwrf, shum500, train.acc = 0.715741, test.acc = 0.766667
features = V850, V500, U850, dlwrf, shum500, train.acc = 0.709259, test.acc = 0.771795
features = temp500, V850, V500, U850, dlwrf, shum500, train.acc = 0.717593, test.acc = 0.784615
and
features = shum500, train.acc = 0.687037, test.acc = 0.705128
features = rhum, shum500, train.acc = 0.712037, test.acc = 0.730769
features = V925, rhum, shum500, train.acc = 0.723148, test.acc = 0.738462
features = temp850, V925, rhum, shum500, train.acc = 0.723148, test.acc = 0.741026
or
features = shum700, train.acc = 0.699074, test.acc = 0.697436
features = dswrf, shum700, train.acc = 0.700926, test.acc = 0.723077
features = V925, dswrf, shum700, train.acc = 0.728704, test.acc = 0.735897
features = Vas, V925, dswrf, shum700, train.acc = 0.734259, test.acc = 0.738462
features = V850, Vas, V925, dswrf, shum700, train.acc = 0.734259, test.acc = 0.746154
features = ulwrf, V850, Vas, V925, dswrf, shum700, train.acc = 0.733333, test.acc = 0.746154
features = U925, ulwrf, V850, Vas, V925, dswrf, shum700, train.acc = 0.736111, test.acc = 0.746154
mean
features = shum700, train.acc = 0.699074, test.acc = 0.697436
features = shum300, shum700, train.acc = 0.738889, test.acc = 0.728205
features = U925, shum300, shum700, train.acc = 0.738889, test.acc = 0.764103
features = temp500, U925, shum300, shum700, train.acc = 0.740741, test.acc = 0.764103
features = Tas, temp500, U925, shum300, shum700, train.acc = 0.751852, test.acc = 0.756410
harmonic-mean
features = shum700, train.acc = 0.698148, test.acc = 0.705128
features = shum300, shum700, train.acc = 0.738889, test.acc = 0.728205
features = U925, shum300, shum700, train.acc = 0.738889, test.acc = 0.764103
features = temp500, U925, shum300, shum700, train.acc = 0.740741, test.acc = 0.764103
features = V700, temp500, U925, shum300, shum700, train.acc = 0.751852, test.acc = 0.753846
