train
features = shum700, train.acc = 0.742832, test.acc = 0.727047
features = V700, shum700, train.acc = 0.770609, test.acc = 0.734491
features = temp700, V700, shum700, train.acc = 0.783154, test.acc = 0.781638
features = U700, temp700, V700, shum700, train.acc = 0.786738, test.acc = 0.784119
features = P300, U700, temp700, V700, shum700, train.acc = 0.791219, test.acc = 0.781638
features = temp500, P300, U700, temp700, V700, shum700, train.acc = 0.791219, test.acc = 0.791563
features = ulwrf, temp500, P300, U700, temp700, V700, shum700, train.acc = 0.794803, test.acc = 0.774194
features = temp925, ulwrf, temp500, P300, U700, temp700, V700, shum700, train.acc = 0.799283, test.acc = 0.784119
features = V850, temp925, ulwrf, temp500, P300, U700, temp700, V700, shum700, train.acc = 0.803763, test.acc = 0.779156
features = rhum, V850, temp925, ulwrf, temp500, P300, U700, temp700, V700, shum700, train.acc = 0.808244, test.acc = 0.784119
test
features = shum700, train.acc = 0.742832, test.acc = 0.727047
features = U850, shum700, train.acc = 0.767025, test.acc = 0.761787
features = V850, U850, shum700, train.acc = 0.768817, test.acc = 0.794045
and
features = R500, train.acc = 0.734767, test.acc = 0.732010
features = U700, R500, train.acc = 0.762545, test.acc = 0.769231
features = dlwrf, U700, R500, train.acc = 0.770609, test.acc = 0.771712
or
features = shum700, train.acc = 0.742832, test.acc = 0.727047
features = dswrf, shum700, train.acc = 0.736559, test.acc = 0.744417
features = V850, dswrf, shum700, train.acc = 0.741039, test.acc = 0.771712
features = Uas, V850, dswrf, shum700, train.acc = 0.761649, test.acc = 0.771712
features = V925, Uas, V850, dswrf, shum700, train.acc = 0.752688, test.acc = 0.779156
features = temp700, V925, Uas, V850, dswrf, shum700, train.acc = 0.769713, test.acc = 0.784119
mean
features = shum700, train.acc = 0.742832, test.acc = 0.727047
features = U850, shum700, train.acc = 0.767025, test.acc = 0.761787
features = V850, U850, shum700, train.acc = 0.768817, test.acc = 0.794045
features = Tas, V850, U850, shum700, train.acc = 0.783154, test.acc = 0.789082
features = P300, Tas, V850, U850, shum700, train.acc = 0.787634, test.acc = 0.796526
harmonic-mean
features = shum700, train.acc = 0.742832, test.acc = 0.727047
features = U850, shum700, train.acc = 0.767025, test.acc = 0.761787
features = V850, U850, shum700, train.acc = 0.768817, test.acc = 0.794045
features = Tas, V850, U850, shum700, train.acc = 0.783154, test.acc = 0.789082
features = P300, Tas, V850, U850, shum700, train.acc = 0.787634, test.acc = 0.796526
