train
features = shum700, train.acc = 0.741935, test.acc = 0.727047
features = shum400, shum700, train.acc = 0.758065, test.acc = 0.729529
features = P300, shum400, shum700, train.acc = 0.764337, test.acc = 0.749380
features = V700, P300, shum400, shum700, train.acc = 0.767921, test.acc = 0.751861
features = V925, V700, P300, shum400, shum700, train.acc = 0.771505, test.acc = 0.769231
features = R500, V925, V700, P300, shum400, shum700, train.acc = 0.774194, test.acc = 0.741935
features = V500, R500, V925, V700, P300, shum400, shum700, train.acc = 0.776882, test.acc = 0.739454
features = ulwrf, V500, R500, V925, V700, P300, shum400, shum700, train.acc = 0.777778, test.acc = 0.741935
test
features = R500, train.acc = 0.732079, test.acc = 0.729529
features = V925, R500, train.acc = 0.734767, test.acc = 0.746898
features = temp500, V925, R500, train.acc = 0.739247, test.acc = 0.751861
features = shum400, temp500, V925, R500, train.acc = 0.741935, test.acc = 0.754342
and
features = R500, train.acc = 0.732079, test.acc = 0.729529
features = shum700, R500, train.acc = 0.757168, test.acc = 0.746898
features = temp700, shum700, R500, train.acc = 0.762545, test.acc = 0.749380
features = P300, temp700, shum700, R500, train.acc = 0.767025, test.acc = 0.759305
features = ulwrf, P300, temp700, shum700, R500, train.acc = 0.767921, test.acc = 0.769231
or
features = shum700, train.acc = 0.741935, test.acc = 0.727047
features = V700, shum700, train.acc = 0.753584, test.acc = 0.749380
features = dswrf, V700, shum700, train.acc = 0.754480, test.acc = 0.754342
features = Tas, dswrf, V700, shum700, train.acc = 0.764337, test.acc = 0.764268
mean
features = shum700, train.acc = 0.741935, test.acc = 0.727047
features = R500, shum700, train.acc = 0.757168, test.acc = 0.746898
features = temp850, R500, shum700, train.acc = 0.756272, test.acc = 0.756824
features = V850, temp850, R500, shum700, train.acc = 0.771505, test.acc = 0.779156
harmonic-mean
features = shum700, train.acc = 0.741935, test.acc = 0.727047
features = R500, shum700, train.acc = 0.757168, test.acc = 0.746898
features = temp850, R500, shum700, train.acc = 0.756272, test.acc = 0.756824
features = V850, temp850, R500, shum700, train.acc = 0.771505, test.acc = 0.779156
