train
features = U700, train.acc = 0.724680, test.acc = 0.676630
features = Vas, U700, train.acc = 0.748279, test.acc = 0.720109
features = shum700, Vas, U700, train.acc = 0.764995, test.acc = 0.736413
features = P850, shum700, Vas, U700, train.acc = 0.789577, test.acc = 0.760870
features = R850, P850, shum700, Vas, U700, train.acc = 0.792527, test.acc = 0.752717
features = Tas, R850, P850, shum700, Vas, U700, train.acc = 0.794494, test.acc = 0.755435
features = V500, Tas, R850, P850, shum700, Vas, U700, train.acc = 0.796460, test.acc = 0.760870
features = temp700, V500, Tas, R850, P850, shum700, Vas, U700, train.acc = 0.798427, test.acc = 0.763587
features = V700, temp700, V500, Tas, R850, P850, shum700, Vas, U700, train.acc = 0.800393, test.acc = 0.755435
features = P500, V700, temp700, V500, Tas, R850, P850, shum700, Vas, U700, train.acc = 0.802360, test.acc = 0.758152
test
features = R850, train.acc = 0.702065, test.acc = 0.709239
features = V925, R850, train.acc = 0.710914, test.acc = 0.769022
and
features = R850, train.acc = 0.702065, test.acc = 0.709239
features = P500, R850, train.acc = 0.738446, test.acc = 0.769022
features = shum700, P500, R850, train.acc = 0.767945, test.acc = 0.771739
features = V925, shum700, P500, R850, train.acc = 0.777778, test.acc = 0.785326
or
features = Vas, train.acc = 0.682399, test.acc = 0.690217
features = dswrf, Vas, train.acc = 0.721731, test.acc = 0.733696
features = V850, dswrf, Vas, train.acc = 0.727630, test.acc = 0.736413
mean
features = R850, train.acc = 0.702065, test.acc = 0.709239
features = P500, R850, train.acc = 0.738446, test.acc = 0.769022
features = shum700, P500, R850, train.acc = 0.767945, test.acc = 0.771739
features = V925, shum700, P500, R850, train.acc = 0.777778, test.acc = 0.785326
harmonic-mean
features = R850, train.acc = 0.702065, test.acc = 0.709239
features = P500, R850, train.acc = 0.738446, test.acc = 0.769022
features = shum700, P500, R850, train.acc = 0.767945, test.acc = 0.771739
features = V925, shum700, P500, R850, train.acc = 0.777778, test.acc = 0.785326
