train
features = shum700, train.acc = 0.758065, test.acc = 0.751861
features = temp850, shum700, train.acc = 0.773297, test.acc = 0.766749
features = U925, temp850, shum700, train.acc = 0.778674, test.acc = 0.761787
features = V925, U925, temp850, shum700, train.acc = 0.781362, test.acc = 0.759305
features = shum400, V925, U925, temp850, shum700, train.acc = 0.786738, test.acc = 0.739454
features = Uas, shum400, V925, U925, temp850, shum700, train.acc = 0.795699, test.acc = 0.732010
features = temp700, Uas, shum400, V925, U925, temp850, shum700, train.acc = 0.801971, test.acc = 0.741935
features = ulwrf, temp700, Uas, shum400, V925, U925, temp850, shum700, train.acc = 0.806452, test.acc = 0.739454
test
features = shum850, train.acc = 0.734767, test.acc = 0.766749
features = U500, shum850, train.acc = 0.731183, test.acc = 0.784119
features = ulwrf, U500, shum850, train.acc = 0.741935, test.acc = 0.791563
and
features = shum700, train.acc = 0.758065, test.acc = 0.751861
features = temp850, shum700, train.acc = 0.773297, test.acc = 0.766749
features = P500, temp850, shum700, train.acc = 0.777778, test.acc = 0.779156
features = ulwrf, P500, temp850, shum700, train.acc = 0.788530, test.acc = 0.781638
features = Temp, ulwrf, P500, temp850, shum700, train.acc = 0.789427, test.acc = 0.784119
features = V500, Temp, ulwrf, P500, temp850, shum700, train.acc = 0.789427, test.acc = 0.784119
features = temp700, V500, Temp, ulwrf, P500, temp850, shum700, train.acc = 0.793011, test.acc = 0.786600
features = P850, temp700, V500, Temp, ulwrf, P500, temp850, shum700, train.acc = 0.794803, test.acc = 0.789082
or
features = dswrf, train.acc = 0.732079, test.acc = 0.732010
features = shum700, dswrf, train.acc = 0.755376, test.acc = 0.774194
features = Vas, shum700, dswrf, train.acc = 0.760753, test.acc = 0.779156
mean
features = shum700, train.acc = 0.758065, test.acc = 0.751861
features = temp850, shum700, train.acc = 0.773297, test.acc = 0.766749
features = P500, temp850, shum700, train.acc = 0.777778, test.acc = 0.779156
features = ulwrf, P500, temp850, shum700, train.acc = 0.788530, test.acc = 0.781638
features = V500, ulwrf, P500, temp850, shum700, train.acc = 0.793011, test.acc = 0.781638
features = Vas, V500, ulwrf, P500, temp850, shum700, train.acc = 0.797491, test.acc = 0.784119
features = temp500, Vas, V500, ulwrf, P500, temp850, shum700, train.acc = 0.808244, test.acc = 0.776675
features = Tas, temp500, Vas, V500, ulwrf, P500, temp850, shum700, train.acc = 0.810036, test.acc = 0.781638
harmonic-mean
features = shum700, train.acc = 0.758065, test.acc = 0.751861
features = temp850, shum700, train.acc = 0.773297, test.acc = 0.766749
features = P500, temp850, shum700, train.acc = 0.777778, test.acc = 0.779156
features = ulwrf, P500, temp850, shum700, train.acc = 0.788530, test.acc = 0.781638
features = V500, ulwrf, P500, temp850, shum700, train.acc = 0.793011, test.acc = 0.781638
features = Vas, V500, ulwrf, P500, temp850, shum700, train.acc = 0.797491, test.acc = 0.784119
features = temp500, Vas, V500, ulwrf, P500, temp850, shum700, train.acc = 0.808244, test.acc = 0.776675
features = Tas, temp500, Vas, V500, ulwrf, P500, temp850, shum700, train.acc = 0.810036, test.acc = 0.781638
