mean
features = shum700, train.acc = 0.765233, test.acc = 0.754342
features = shum300, shum700, train.acc = 0.764337, test.acc = 0.779156
features = temp500, shum300, shum700, train.acc = 0.767921, test.acc = 0.794045
features = U500, temp500, shum300, shum700, train.acc = 0.781362, test.acc = 0.801489
features = rhum, U500, temp500, shum300, shum700, train.acc = 0.790323, test.acc = 0.808933
harmonic-mean
features = shum700, train.acc = 0.765233, test.acc = 0.754342
features = shum300, shum700, train.acc = 0.764337, test.acc = 0.779156
features = temp500, shum300, shum700, train.acc = 0.767921, test.acc = 0.794045
features = U500, temp500, shum300, shum700, train.acc = 0.781362, test.acc = 0.801489
features = rhum, U500, temp500, shum300, shum700, train.acc = 0.790323, test.acc = 0.808933
train
features = shum700, train.acc = 0.765233, test.acc = 0.754342
features = R500, shum700, train.acc = 0.773297, test.acc = 0.769231
features = U500, R500, shum700, train.acc = 0.780466, test.acc = 0.759305
features = temp700, U500, R500, shum700, train.acc = 0.791219, test.acc = 0.761787
features = V850, temp700, U500, R500, shum700, train.acc = 0.800179, test.acc = 0.759305
features = V700, V850, temp700, U500, R500, shum700, train.acc = 0.808244, test.acc = 0.781638
features = P500, V700, V850, temp700, U500, R500, shum700, train.acc = 0.818100, test.acc = 0.781638
features = Uas, P500, V700, V850, temp700, U500, R500, shum700, train.acc = 0.825269, test.acc = 0.784119
features = U700, Uas, P500, V700, V850, temp700, U500, R500, shum700, train.acc = 0.832437, test.acc = 0.779156
features = rhum, U700, Uas, P500, V700, V850, temp700, U500, R500, shum700, train.acc = 0.838710, test.acc = 0.776675
features = Tas, rhum, U700, Uas, P500, V700, V850, temp700, U500, R500, shum700, train.acc = 0.846774, test.acc = 0.784119
features = shum400, Tas, rhum, U700, Uas, P500, V700, V850, temp700, U500, R500, shum700, train.acc = 0.851254, test.acc = 0.789082
features = ulwrf, shum400, Tas, rhum, U700, Uas, P500, V700, V850, temp700, U500, R500, shum700, train.acc = 0.854839, test.acc = 0.786600
features = shum300, ulwrf, shum400, Tas, rhum, U700, Uas, P500, V700, V850, temp700, U500, R500, shum700, train.acc = 0.862007, test.acc = 0.759305
features = uswrf, shum300, ulwrf, shum400, Tas, rhum, U700, Uas, P500, V700, V850, temp700, U500, R500, shum700, train.acc = 0.866487, test.acc = 0.769231
features = shum500, uswrf, shum300, ulwrf, shum400, Tas, rhum, U700, Uas, P500, V700, V850, temp700, U500, R500, shum700, train.acc = 0.872760, test.acc = 0.756824
test
features = R850, train.acc = 0.728495, test.acc = 0.769231
features = shum300, R850, train.acc = 0.748208, test.acc = 0.789082
features = uswrf, shum300, R850, train.acc = 0.757168, test.acc = 0.801489
features = P300, uswrf, shum300, R850, train.acc = 0.758065, test.acc = 0.806452
features = shum850, P300, uswrf, shum300, R850, train.acc = 0.759857, test.acc = 0.808933
and
features = shum700, train.acc = 0.765233, test.acc = 0.754342
features = R500, shum700, train.acc = 0.773297, test.acc = 0.769231
features = temp850, R500, shum700, train.acc = 0.780466, test.acc = 0.771712
features = V500, temp850, R500, shum700, train.acc = 0.786738, test.acc = 0.774194
features = P300, V500, temp850, R500, shum700, train.acc = 0.793011, test.acc = 0.784119
features = shum925, P300, V500, temp850, R500, shum700, train.acc = 0.799283, test.acc = 0.791563
features = temp500, shum925, P300, V500, temp850, R500, shum700, train.acc = 0.802867, test.acc = 0.796526
features = mslp, temp500, shum925, P300, V500, temp850, R500, shum700, train.acc = 0.806452, test.acc = 0.803970
or
features = shum700, train.acc = 0.765233, test.acc = 0.754342
features = V500, shum700, train.acc = 0.766129, test.acc = 0.769231
features = dswrf, V500, shum700, train.acc = 0.762545, test.acc = 0.771712
mean
features = shum700, train.acc = 0.765233, test.acc = 0.754342
features = shum300, shum700, train.acc = 0.764337, test.acc = 0.779156
features = temp500, shum300, shum700, train.acc = 0.767921, test.acc = 0.794045
features = U500, temp500, shum300, shum700, train.acc = 0.781362, test.acc = 0.801489
features = rhum, U500, temp500, shum300, shum700, train.acc = 0.790323, test.acc = 0.808933
harmonic-mean
features = shum700, train.acc = 0.765233, test.acc = 0.754342
features = shum300, shum700, train.acc = 0.764337, test.acc = 0.779156
features = temp500, shum300, shum700, train.acc = 0.767921, test.acc = 0.794045
features = U500, temp500, shum300, shum700, train.acc = 0.781362, test.acc = 0.801489
features = rhum, U500, temp500, shum300, shum700, train.acc = 0.790323, test.acc = 0.808933
