train
features = shum700, train.acc = 0.673835, test.acc = 0.665012
features = P500, shum700, train.acc = 0.732079, test.acc = 0.734491
features = U700, P500, shum700, train.acc = 0.746416, test.acc = 0.739454
features = Vas, U700, P500, shum700, train.acc = 0.754480, test.acc = 0.769231
features = temp700, Vas, U700, P500, shum700, train.acc = 0.763441, test.acc = 0.741935
features = V700, temp700, Vas, U700, P500, shum700, train.acc = 0.764337, test.acc = 0.749380
features = ulwrf, V700, temp700, Vas, U700, P500, shum700, train.acc = 0.771505, test.acc = 0.746898
features = U850, ulwrf, V700, temp700, Vas, U700, P500, shum700, train.acc = 0.773297, test.acc = 0.746898
features = Temp, U850, ulwrf, V700, temp700, Vas, U700, P500, shum700, train.acc = 0.774194, test.acc = 0.749380
features = Tas, Temp, U850, ulwrf, V700, temp700, Vas, U700, P500, shum700, train.acc = 0.777778, test.acc = 0.744417
features = V925, Tas, Temp, U850, ulwrf, V700, temp700, Vas, U700, P500, shum700, train.acc = 0.778674, test.acc = 0.746898
features = U925, V925, Tas, Temp, U850, ulwrf, V700, temp700, Vas, U700, P500, shum700, train.acc = 0.781362, test.acc = 0.736973
features = P300, U925, V925, Tas, Temp, U850, ulwrf, V700, temp700, Vas, U700, P500, shum700, train.acc = 0.783154, test.acc = 0.736973
test
features = R850, train.acc = 0.657706, test.acc = 0.694789
features = P850, R850, train.acc = 0.675627, test.acc = 0.722084
features = temp700, P850, R850, train.acc = 0.694444, test.acc = 0.749380
and
features = R850, train.acc = 0.657706, test.acc = 0.694789
features = P500, R850, train.acc = 0.700717, test.acc = 0.709677
features = shum700, P500, R850, train.acc = 0.734767, test.acc = 0.749380
features = Temp, shum700, P500, R850, train.acc = 0.737455, test.acc = 0.761787
features = Vas, Temp, shum700, P500, R850, train.acc = 0.741935, test.acc = 0.764268
features = Uas, Vas, Temp, shum700, P500, R850, train.acc = 0.749104, test.acc = 0.764268
features = P300, Uas, Vas, Temp, shum700, P500, R850, train.acc = 0.750896, test.acc = 0.764268
features = V500, P300, Uas, Vas, Temp, shum700, P500, R850, train.acc = 0.754480, test.acc = 0.766749
or
features = uswrf, train.acc = 0.646057, test.acc = 0.665012
features = Vas, uswrf, train.acc = 0.675627, test.acc = 0.709677
features = V700, Vas, uswrf, train.acc = 0.725806, test.acc = 0.714640
features = P500, V700, Vas, uswrf, train.acc = 0.744624, test.acc = 0.739454
features = shum850, P500, V700, Vas, uswrf, train.acc = 0.758065, test.acc = 0.749380
mean
features = R850, train.acc = 0.657706, test.acc = 0.694789
features = P500, R850, train.acc = 0.700717, test.acc = 0.709677
features = shum700, P500, R850, train.acc = 0.734767, test.acc = 0.749380
features = V925, shum700, P500, R850, train.acc = 0.744624, test.acc = 0.756824
features = V500, V925, shum700, P500, R850, train.acc = 0.748208, test.acc = 0.769231
features = Temp, V500, V925, shum700, P500, R850, train.acc = 0.749104, test.acc = 0.769231
harmonic-mean
features = R850, train.acc = 0.657706, test.acc = 0.694789
features = P500, R850, train.acc = 0.700717, test.acc = 0.709677
features = shum700, P500, R850, train.acc = 0.734767, test.acc = 0.749380
features = V925, shum700, P500, R850, train.acc = 0.744624, test.acc = 0.756824
features = V500, V925, shum700, P500, R850, train.acc = 0.748208, test.acc = 0.769231
features = Temp, V500, V925, shum700, P500, R850, train.acc = 0.749104, test.acc = 0.769231
