train
features = shum700, train.acc = 0.674731, test.acc = 0.665012
features = P500, shum700, train.acc = 0.724014, test.acc = 0.727047
features = V925, P500, shum700, train.acc = 0.747312, test.acc = 0.746898
features = V700, V925, P500, shum700, train.acc = 0.767921, test.acc = 0.756824
features = rhum, V700, V925, P500, shum700, train.acc = 0.782258, test.acc = 0.761787
features = ulwrf, rhum, V700, V925, P500, shum700, train.acc = 0.784946, test.acc = 0.761787
features = U500, ulwrf, rhum, V700, V925, P500, shum700, train.acc = 0.791219, test.acc = 0.756824
features = U700, U500, ulwrf, rhum, V700, V925, P500, shum700, train.acc = 0.801971, test.acc = 0.764268
features = R850, U700, U500, ulwrf, rhum, V700, V925, P500, shum700, train.acc = 0.814516, test.acc = 0.766749
features = mslp, R850, U700, U500, ulwrf, rhum, V700, V925, P500, shum700, train.acc = 0.818996, test.acc = 0.766749
features = temp700, mslp, R850, U700, U500, ulwrf, rhum, V700, V925, P500, shum700, train.acc = 0.823477, test.acc = 0.761787
test
features = R850, train.acc = 0.646057, test.acc = 0.677419
features = V925, R850, train.acc = 0.677419, test.acc = 0.722084
features = shum700, V925, R850, train.acc = 0.724014, test.acc = 0.751861
features = P500, shum700, V925, R850, train.acc = 0.749104, test.acc = 0.776675
features = shum850, P500, shum700, V925, R850, train.acc = 0.752688, test.acc = 0.781638
features = temp925, shum850, P500, shum700, V925, R850, train.acc = 0.754480, test.acc = 0.781638
and
features = R850, train.acc = 0.646057, test.acc = 0.677419
features = P500, R850, train.acc = 0.698925, test.acc = 0.712159
features = shum700, P500, R850, train.acc = 0.731183, test.acc = 0.759305
features = V925, shum700, P500, R850, train.acc = 0.749104, test.acc = 0.776675
features = shum850, V925, shum700, P500, R850, train.acc = 0.752688, test.acc = 0.781638
features = temp925, shum850, V925, shum700, P500, R850, train.acc = 0.754480, test.acc = 0.781638
features = mslp, temp925, shum850, V925, shum700, P500, R850, train.acc = 0.758065, test.acc = 0.781638
features = Uas, mslp, temp925, shum850, V925, shum700, P500, R850, train.acc = 0.762545, test.acc = 0.781638
features = P300, Uas, mslp, temp925, shum850, V925, shum700, P500, R850, train.acc = 0.768817, test.acc = 0.784119
features = V850, P300, Uas, mslp, temp925, shum850, V925, shum700, P500, R850, train.acc = 0.789427, test.acc = 0.784119
features = U850, V850, P300, Uas, mslp, temp925, shum850, V925, shum700, P500, R850, train.acc = 0.793907, test.acc = 0.789082
or
features = shum700, train.acc = 0.674731, test.acc = 0.665012
features = Vas, shum700, train.acc = 0.723118, test.acc = 0.736973
features = P500, Vas, shum700, train.acc = 0.744624, test.acc = 0.761787
features = V925, P500, Vas, shum700, train.acc = 0.758065, test.acc = 0.771712
features = uswrf, V925, P500, Vas, shum700, train.acc = 0.754480, test.acc = 0.761787
mean
mean
features = shum700, train.acc = 0.674731, test.acc = 0.665012
features = Vas, shum700, train.acc = 0.723118, test.acc = 0.736973
features = P300, Vas, shum700, train.acc = 0.742832, test.acc = 0.764268
features = P850, P300, Vas, shum700, train.acc = 0.754480, test.acc = 0.776675
features = shum300, P850, P300, Vas, shum700, train.acc = 0.765233, test.acc = 0.784119
features = V500, shum300, P850, P300, Vas, shum700, train.acc = 0.775090, test.acc = 0.789082
harmonic-mean
features = shum700, train.acc = 0.674731, test.acc = 0.665012
features = Vas, shum700, train.acc = 0.723118, test.acc = 0.736973
features = P300, Vas, shum700, train.acc = 0.742832, test.acc = 0.764268
features = P850, P300, Vas, shum700, train.acc = 0.754480, test.acc = 0.776675
features = shum300, P850, P300, Vas, shum700, train.acc = 0.765233, test.acc = 0.784119
features = V500, shum300, P850, P300, Vas, shum700, train.acc = 0.775090, test.acc = 0.789082
train
features = shum700, train.acc = 0.674731, test.acc = 0.665012
features = P500, shum700, train.acc = 0.724014, test.acc = 0.727047
features = V925, P500, shum700, train.acc = 0.747312, test.acc = 0.746898
features = V700, V925, P500, shum700, train.acc = 0.767921, test.acc = 0.756824
features = rhum, V700, V925, P500, shum700, train.acc = 0.782258, test.acc = 0.761787
features = ulwrf, rhum, V700, V925, P500, shum700, train.acc = 0.784946, test.acc = 0.761787
features = U500, ulwrf, rhum, V700, V925, P500, shum700, train.acc = 0.791219, test.acc = 0.756824
features = U700, U500, ulwrf, rhum, V700, V925, P500, shum700, train.acc = 0.801971, test.acc = 0.764268
features = R850, U700, U500, ulwrf, rhum, V700, V925, P500, shum700, train.acc = 0.814516, test.acc = 0.766749
features = mslp, R850, U700, U500, ulwrf, rhum, V700, V925, P500, shum700, train.acc = 0.818996, test.acc = 0.766749
features = temp700, mslp, R850, U700, U500, ulwrf, rhum, V700, V925, P500, shum700, train.acc = 0.823477, test.acc = 0.761787
test
features = R850, train.acc = 0.646057, test.acc = 0.677419
features = V925, R850, train.acc = 0.677419, test.acc = 0.722084
features = shum700, V925, R850, train.acc = 0.724014, test.acc = 0.751861
features = P500, shum700, V925, R850, train.acc = 0.749104, test.acc = 0.776675
features = shum850, P500, shum700, V925, R850, train.acc = 0.752688, test.acc = 0.781638
features = temp925, shum850, P500, shum700, V925, R850, train.acc = 0.754480, test.acc = 0.781638
and
features = R850, train.acc = 0.646057, test.acc = 0.677419
features = P500, R850, train.acc = 0.698925, test.acc = 0.712159
features = shum700, P500, R850, train.acc = 0.731183, test.acc = 0.759305
features = V925, shum700, P500, R850, train.acc = 0.749104, test.acc = 0.776675
features = shum850, V925, shum700, P500, R850, train.acc = 0.752688, test.acc = 0.781638
features = temp925, shum850, V925, shum700, P500, R850, train.acc = 0.754480, test.acc = 0.781638
features = mslp, temp925, shum850, V925, shum700, P500, R850, train.acc = 0.758065, test.acc = 0.781638
features = Uas, mslp, temp925, shum850, V925, shum700, P500, R850, train.acc = 0.762545, test.acc = 0.781638
features = P300, Uas, mslp, temp925, shum850, V925, shum700, P500, R850, train.acc = 0.768817, test.acc = 0.784119
features = V850, P300, Uas, mslp, temp925, shum850, V925, shum700, P500, R850, train.acc = 0.789427, test.acc = 0.784119
features = U850, V850, P300, Uas, mslp, temp925, shum850, V925, shum700, P500, R850, train.acc = 0.793907, test.acc = 0.789082
or
features = shum700, train.acc = 0.674731, test.acc = 0.665012
features = Vas, shum700, train.acc = 0.723118, test.acc = 0.736973
features = P500, Vas, shum700, train.acc = 0.744624, test.acc = 0.761787
features = V925, P500, Vas, shum700, train.acc = 0.758065, test.acc = 0.771712
features = uswrf, V925, P500, Vas, shum700, train.acc = 0.754480, test.acc = 0.761787
mean
features = shum700, train.acc = 0.674731, test.acc = 0.665012
features = Vas, shum700, train.acc = 0.723118, test.acc = 0.736973
features = P300, Vas, shum700, train.acc = 0.742832, test.acc = 0.764268
features = P850, P300, Vas, shum700, train.acc = 0.754480, test.acc = 0.776675
features = shum300, P850, P300, Vas, shum700, train.acc = 0.765233, test.acc = 0.784119
features = V500, shum300, P850, P300, Vas, shum700, train.acc = 0.775090, test.acc = 0.789082
harmonic-mean
features = shum700, train.acc = 0.674731, test.acc = 0.665012
features = Vas, shum700, train.acc = 0.723118, test.acc = 0.736973
features = P300, Vas, shum700, train.acc = 0.742832, test.acc = 0.764268
features = P850, P300, Vas, shum700, train.acc = 0.754480, test.acc = 0.776675
features = shum300, P850, P300, Vas, shum700, train.acc = 0.765233, test.acc = 0.784119
features = V500, shum300, P850, P300, Vas, shum700, train.acc = 0.775090, test.acc = 0.789082
