# feture selection using Learning Vector Quantization
ROC curve variable importance

  only 20 most important variables shown (out of 33)

        Importance
shum700     0.7250
R850        0.6914
R500        0.6864
shum500     0.6697
shum850     0.6556
V700        0.6478
rhum        0.6463
shum400     0.6358
P850        0.6297
shum300     0.6060
V500        0.6027
shum925     0.5990
mslp        0.5964
dlwrf       0.5886
uswrf       0.5737
V850        0.5716
U700        0.5578
U850        0.5537
P500        0.5484
dswrf       0.5447





Recursive feature selection

Outer resampling method: Cross-Validated (10 fold) 

Resampling performance over subset size:

 Variables Accuracy  Kappa AccuracySD KappaSD Selected
         1   0.6116 0.1854   0.010238 0.02235         
         2   0.6620 0.2913   0.011839 0.02282         
         3   0.6973 0.3644   0.007713 0.01490         
         4   0.7231 0.4194   0.005253 0.01137         
         5   0.7358 0.4463   0.009316 0.01915         
         6   0.7481 0.4718   0.011178 0.02396         
         7   0.7503 0.4761   0.009927 0.02069         
         8   0.7539 0.4836   0.008317 0.01739         
         9   0.7603 0.4974   0.010839 0.02304         
        10   0.7614 0.4997   0.007880 0.01683         
        11   0.7617 0.5003   0.009258 0.01919         
        12   0.7651 0.5075   0.009867 0.02019         
        13   0.7642 0.5056   0.010901 0.02237         
        14   0.7668 0.5107   0.008563 0.01749         
        15   0.7661 0.5090   0.008579 0.01768         
        16   0.7679 0.5130   0.010274 0.02132         
        17   0.7708 0.5191   0.009308 0.01967         
        18   0.7699 0.5172   0.009002 0.01870         
        19   0.7704 0.5184   0.005114 0.01025         
        20   0.7728 0.5233   0.007235 0.01553         
        21   0.7730 0.5238   0.007474 0.01587         
        22   0.7723 0.5223   0.007725 0.01602         
        23   0.7736 0.5250   0.009934 0.02083         
        24   0.7736 0.5252   0.009384 0.01976         
        25   0.7748 0.5274   0.008637 0.01835         
        26   0.7733 0.5248   0.009760 0.02064         
        27   0.7746 0.5274   0.008600 0.01788         
        28   0.7755 0.5289   0.008372 0.01725         
        29   0.7765 0.5311   0.007533 0.01604         
        30   0.7765 0.5308   0.008724 0.01823        *
        31   0.7742 0.5261   0.008981 0.01863         
        32   0.7747 0.5267   0.009638 0.02073         
        33   0.7744 0.5265   0.009079 0.01926         

The top 5 variables (out of 30):
   shum700, R850, U700, Vas, V700

> predictors(results)
 [1] "shum700" "R850"    "U700"    "Vas"     "V700"    "R500"    "V925"    "P500"    "rhum"    "P850"    "U850"   
[12] "shum850" "shum500" "U925"    "V850"    "temp700" "U500"    "shum300" "ulwrf"   "Temp"    "shum400" "temp850"
[23] "V500"    "mslp"    "P300"    "temp925" "Uas"     "dswrf"   "shum925" "temp500"
