train
features = R850, train.acc = 0.687037, test.acc = 0.669231
features = P500, R850, train.acc = 0.704630, test.acc = 0.692308
features = R500, P500, R850, train.acc = 0.725926, test.acc = 0.700000
features = U700, R500, P500, R850, train.acc = 0.736111, test.acc = 0.705128
features = U925, U700, R500, P500, R850, train.acc = 0.743519, test.acc = 0.700000
features = temp925, U925, U700, R500, P500, R850, train.acc = 0.746296, test.acc = 0.712821
features = shum925, temp925, U925, U700, R500, P500, R850, train.acc = 0.748148, test.acc = 0.707692
features = shum400, shum925, temp925, U925, U700, R500, P500, R850, train.acc = 0.751852, test.acc = 0.700000
test
features = Vas, train.acc = 0.625926, test.acc = 0.682051
features = shum700, Vas, train.acc = 0.709259, test.acc = 0.746154
features = Tas, shum700, Vas, train.acc = 0.701852, test.acc = 0.753846
and
features = shum700, train.acc = 0.680556, test.acc = 0.679487
features = temp850, shum700, train.acc = 0.715741, test.acc = 0.707692
features = P500, temp850, shum700, train.acc = 0.720370, test.acc = 0.715385
features = V925, P500, temp850, shum700, train.acc = 0.725926, test.acc = 0.725641
features = shum400, V925, P500, temp850, shum700, train.acc = 0.731481, test.acc = 0.748718
or
features = dswrf, train.acc = 0.636111, test.acc = 0.623077
features = Vas, dswrf, train.acc = 0.658333, test.acc = 0.689744
features = U700, Vas, dswrf, train.acc = 0.682407, test.acc = 0.730769
features = V925, U700, Vas, dswrf, train.acc = 0.677778, test.acc = 0.730769
features = V500, V925, U700, Vas, dswrf, train.acc = 0.690741, test.acc = 0.730769
features = shum500, V500, V925, U700, Vas, dswrf, train.acc = 0.709259, test.acc = 0.743590
features = V700, shum500, V500, V925, U700, Vas, dswrf, train.acc = 0.717593, test.acc = 0.733333
mean
features = shum700, train.acc = 0.680556, test.acc = 0.679487
features = Vas, shum700, train.acc = 0.709259, test.acc = 0.746154
features = temp850, Vas, shum700, train.acc = 0.712963, test.acc = 0.746154
features = shum400, temp850, Vas, shum700, train.acc = 0.723148, test.acc = 0.738462
features = P300, shum400, temp850, Vas, shum700, train.acc = 0.723148, test.acc = 0.748718
features = V700, P300, shum400, temp850, Vas, shum700, train.acc = 0.728704, test.acc = 0.751282
harmonic-mean
features = shum700, train.acc = 0.680556, test.acc = 0.679487
features = temp850, shum700, train.acc = 0.715741, test.acc = 0.707692
features = Vas, temp850, shum700, train.acc = 0.712963, test.acc = 0.746154
features = shum400, Vas, temp850, shum700, train.acc = 0.713889, test.acc = 0.758974
