[{"info":"features: temp700,Temp || step = 3/33","c":10,"sigma":0.1,"train.rain.acc":0.5973,"train.dry.acc":0.6273,"train.acc":0.5985,"test.rain.acc":0.6194,"test.dry.acc":0.6727,"test.acc":0.6231}]
[{"info":"features: temp850,Temp,temp700 || step = 4/32","c":1,"sigma":0.1,"train.rain.acc":0.6143,"train.dry.acc":0.6621,"train.acc":0.6188,"test.rain.acc":0.634,"test.dry.acc":0.6392,"test.acc":0.6347}]
[{"info":"features: temp850,Temp,temp700 || step = 4/32","c":10,"sigma":0.1,"train.rain.acc":0.6241,"train.dry.acc":0.665,"train.acc":0.6292,"test.rain.acc":0.6458,"test.dry.acc":0.6287,"test.acc":0.6429}]
[{"info":"features: temp925,Temp,temp700,temp850,temp850 || step = 5/0","c":10,"sigma":0.1,"train.rain.acc":0.6378,"train.dry.acc":0.6618,"train.acc":0.6418,"test.rain.acc":0.6607,"test.dry.acc":0.5996,"test.acc":0.6462}]
[{"info":"features: dlwrf,Temp,temp700,temp850,temp850,temp925 || step = 6/0","c":1,"sigma":0.1,"train.rain.acc":0.6947,"train.dry.acc":0.6696,"train.acc":0.6874,"test.rain.acc":0.7121,"test.dry.acc":0.5793,"test.acc":0.6606}]
[{"info":"features: dlwrf,Temp,temp700,temp850,temp850,temp925 || step = 6/0","c":10,"sigma":0.1,"train.rain.acc":0.7003,"train.dry.acc":0.6802,"train.acc":0.6943,"test.rain.acc":0.7187,"test.dry.acc":0.5817,"test.acc":0.6641}]
[{"info":"features: mslp,Temp,temp700,temp850,temp850,temp925,dlwrf,dlwrf || step = 7/0","c":1,"sigma":0.1,"train.rain.acc":0.71,"train.dry.acc":0.6763,"train.acc":0.6994,"test.rain.acc":0.74,"test.dry.acc":0.6105,"test.acc":0.6879}]
[{"info":"features: mslp,Temp,temp700,temp850,temp850,temp925,dlwrf,dlwrf || step = 7/0","c":10,"sigma":0.1,"train.rain.acc":0.7166,"train.dry.acc":0.6896,"train.acc":0.708,"test.rain.acc":0.7446,"test.dry.acc":0.6142,"test.acc":0.6917}]
[{"info":"features: P300,Temp,temp700,temp850,temp850,temp925,dlwrf,dlwrf,mslp,mslp || step = 8/0","c":10,"sigma":0.1,"train.rain.acc":0.7261,"train.dry.acc":0.698,"train.acc":0.7169,"test.rain.acc":0.7531,"test.dry.acc":0.6128,"test.acc":0.694}]
[{"info":"features: P850,Temp,temp700,temp850,temp850,temp925,dlwrf,dlwrf,mslp,mslp,P300 || step = 10/0","c":10,"sigma":0.1,"train.rain.acc":0.728,"train.dry.acc":0.7004,"train.acc":0.719,"test.rain.acc":0.7522,"test.dry.acc":0.6156,"test.acc":0.6953}]
[{"info":"features: R500,Temp,temp700,temp850,temp850,temp925,dlwrf,dlwrf,mslp,mslp,P300,P850 || step = 11/0","c":1,"sigma":0.1,"train.rain.acc":0.7389,"train.dry.acc":0.6841,"train.acc":0.7194,"test.rain.acc":0.7783,"test.dry.acc":0.6068,"test.acc":0.6985}]
[{"info":"features: R500,Temp,temp700,temp850,temp850,temp925,dlwrf,dlwrf,mslp,mslp,P300,P850 || step = 11/0","c":10,"sigma":0.1,"train.rain.acc":0.751,"train.dry.acc":0.7054,"train.acc":0.7347,"test.rain.acc":0.7849,"test.dry.acc":0.6067,"test.acc":0.7004}]
[{"info":"features: R850,Temp,temp700,temp850,temp850,temp925,dlwrf,dlwrf,mslp,mslp,P300,P850,R500,R500 || step = 12/0","c":1,"sigma":0.1,"train.rain.acc":0.7535,"train.dry.acc":0.7216,"train.acc":0.7424,"test.rain.acc":0.7902,"test.dry.acc":0.6483,"test.acc":0.7284}]
[{"info":"features: shum400,Temp,temp700,temp850,temp850,temp925,dlwrf,dlwrf,mslp,mslp,P300,P850,R500,R500,R850 || step = 15/0","c":1,"sigma":0.1,"train.rain.acc":0.7571,"train.dry.acc":0.7231,"train.acc":0.7452,"test.rain.acc":0.7976,"test.dry.acc":0.6461,"test.acc":0.7298}]
[{"info":"features: shum500,Temp,temp700,temp850,temp850,temp925,dlwrf,dlwrf,mslp,mslp,P300,P850,R500,R500,R850,shum400 || step = 16/0","c":1,"sigma":0.1,"train.rain.acc":0.7579,"train.dry.acc":0.7221,"train.acc":0.7452,"test.rain.acc":0.7985,"test.dry.acc":0.6463,"test.acc":0.7303}]
[{"info":"features: shum700,Temp,temp700,temp850,temp850,temp925,dlwrf,dlwrf,mslp,mslp,P300,P850,R500,R500,R850,shum400,shum500 || step = 17/0","c":1,"sigma":0.1,"train.rain.acc":0.7687,"train.dry.acc":0.7328,"train.acc":0.7558,"test.rain.acc":0.7944,"test.dry.acc":0.6645,"test.acc":0.7391}]
[{"info":"features: shum850,Temp,temp700,temp850,temp850,temp925,dlwrf,dlwrf,mslp,mslp,P300,P850,R500,R500,R850,shum400,shum500,shum700 || step = 18/0","c":1,"sigma":0.1,"train.rain.acc":0.7686,"train.dry.acc":0.7331,"train.acc":0.7559,"test.rain.acc":0.7937,"test.dry.acc":0.6662,"test.acc":0.7397}]
[{"info":"features: shum925,Temp,temp700,temp850,temp850,temp925,dlwrf,dlwrf,mslp,mslp,P300,P850,R500,R500,R850,shum400,shum500,shum700,shum850 || step = 19/0","c":1,"sigma":0.1,"train.rain.acc":0.7712,"train.dry.acc":0.7359,"train.acc":0.7585,"test.rain.acc":0.7946,"test.dry.acc":0.6667,"test.acc":0.7404}]
[{"info":"features: Tas,Temp,temp700,temp850,temp850,temp925,dlwrf,dlwrf,mslp,mslp,P300,P850,R500,R500,R850,shum400,shum500,shum700,shum850,shum925 || step = 20/0","c":1,"sigma":0.1,"train.rain.acc":0.7728,"train.dry.acc":0.7388,"train.acc":0.7605,"test.rain.acc":0.7952,"test.dry.acc":0.6673,"test.acc":0.741}]
[{"info":"features: Tas,Temp,temp700,temp850,temp850,temp925,dlwrf,dlwrf,mslp,mslp,P300,P850,R500,R500,R850,shum400,shum500,shum700,shum850,shum925 || step = 20/0","c":10,"sigma":0.1,"train.rain.acc":0.797,"train.dry.acc":0.7723,"train.acc":0.788,"test.rain.acc":0.7925,"test.dry.acc":0.6719,"test.acc":0.7423}]
[{"info":"features: U500,Temp,temp700,temp850,temp850,temp925,dlwrf,dlwrf,mslp,mslp,P300,P850,R500,R500,R850,shum400,shum500,shum700,shum850,shum925,Tas,Tas || step = 21/0","c":10,"sigma":0.1,"train.rain.acc":0.8103,"train.dry.acc":0.7853,"train.acc":0.801,"test.rain.acc":0.8008,"test.dry.acc":0.6693,"test.acc":0.7444}]
[{"info":"features: U700,Temp,temp700,temp850,temp850,temp925,dlwrf,dlwrf,mslp,mslp,P300,P850,R500,R500,R850,shum400,shum500,shum700,shum850,shum925,Tas,Tas,U500 || step = 22/0","c":10,"sigma":0.1,"train.rain.acc":0.8237,"train.dry.acc":0.799,"train.acc":0.8144,"test.rain.acc":0.8046,"test.dry.acc":0.6734,"test.acc":0.7482}]
[{"info":"features: U850,Temp,temp700,temp850,temp850,temp925,dlwrf,dlwrf,mslp,mslp,P300,P850,R500,R500,R850,shum400,shum500,shum700,shum850,shum925,Tas,Tas,U500,U700 || step = 23/0","c":10,"sigma":0.1,"train.rain.acc":0.8358,"train.dry.acc":0.8182,"train.acc":0.8291,"test.rain.acc":0.8063,"test.dry.acc":0.6728,"test.acc":0.7486}]
[{"info":"features: ulwrf,Temp,temp700,temp850,temp850,temp925,dlwrf,dlwrf,mslp,mslp,P300,P850,R500,R500,R850,shum400,shum500,shum700,shum850,shum925,Tas,Tas,U500,U700,U850 || step = 26/0","c":10,"sigma":0.1,"train.rain.acc":0.8423,"train.dry.acc":0.8246,"train.acc":0.8356,"test.rain.acc":0.8079,"test.dry.acc":0.6789,"test.acc":0.7526}]
----------------------------------
++++++++++++++++++++++++++++++++++

[{"info":"features: Temp || step = 1/33","c":1,"sigma":0.1,"train.rain.acc":0.5882,"train.acc":0.5882,"test.rain.acc":0.5991,"test.acc":0.5991}]
[{"info":"features: temp700,Temp || step = 3/32","c":10,"sigma":0.1,"train.rain.acc":0.5973,"train.dry.acc":0.6273,"train.acc":0.5985,"test.rain.acc":0.6194,"test.dry.acc":0.6727,"test.acc":0.6231}]
[{"info":"features: temp850,Temp,temp700 || step = 4/31","c":1,"sigma":0.1,"train.rain.acc":0.6143,"train.dry.acc":0.6621,"train.acc":0.6188,"test.rain.acc":0.634,"test.dry.acc":0.6392,"test.acc":0.6347}]
[{"info":"features: temp850,Temp,temp700 || step = 4/31","c":10,"sigma":0.1,"train.rain.acc":0.6241,"train.dry.acc":0.665,"train.acc":0.6292,"test.rain.acc":0.6458,"test.dry.acc":0.6287,"test.acc":0.6429}]
[{"info":"features: Temp || step = 1/33","c":1,"sigma":0.1,"train.rain.acc":0.5882,"train.acc":0.5882,"test.rain.acc":0.5991,"test.acc":0.5991}]
[{"info":"features: temp700,Temp || step = 3/32","c":10,"sigma":0.1,"train.rain.acc":0.5973,"train.dry.acc":0.6273,"train.acc":0.5985,"test.rain.acc":0.6194,"test.dry.acc":0.6727,"test.acc":0.6231}]
[{"info":"features: temp850,Temp,temp700 || step = 4/31","c":1,"sigma":0.1,"train.rain.acc":0.6143,"train.dry.acc":0.6621,"train.acc":0.6188,"test.rain.acc":0.634,"test.dry.acc":0.6392,"test.acc":0.6347}]
[{"info":"features: temp850,Temp,temp700 || step = 4/31","c":10,"sigma":0.1,"train.rain.acc":0.6241,"train.dry.acc":0.665,"train.acc":0.6292,"test.rain.acc":0.6458,"test.dry.acc":0.6287,"test.acc":0.6429}]
[{"info":"features: temp925,Temp,temp700,temp850 || step = 5/30","c":10,"sigma":0.1,"train.rain.acc":0.6372,"train.dry.acc":0.6552,"train.acc":0.6402,"test.rain.acc":0.6599,"test.dry.acc":0.597,"test.acc":0.645}]
[{"info":"features: dlwrf,Temp,temp700,temp850,temp925 || step = 6/29","c":1,"sigma":0.1,"train.rain.acc":0.6945,"train.dry.acc":0.6704,"train.acc":0.6875,"test.rain.acc":0.7119,"test.dry.acc":0.5793,"test.acc":0.6606}]
[{"info":"features: dlwrf,Temp,temp700,temp850,temp925 || step = 6/29","c":10,"sigma":0.1,"train.rain.acc":0.6997,"train.dry.acc":0.6792,"train.acc":0.6937,"test.rain.acc":0.7171,"test.dry.acc":0.5801,"test.acc":0.6627}]
[{"info":"features: mslp,Temp,temp700,temp850,temp925,dlwrf || step = 7/28","c":1,"sigma":0.1,"train.rain.acc":0.7119,"train.dry.acc":0.6736,"train.acc":0.6996,"test.rain.acc":0.7431,"test.dry.acc":0.6096,"test.acc":0.6886}]
[{"info":"features: mslp,Temp,temp700,temp850,temp925,dlwrf || step = 7/28","c":10,"sigma":0.1,"train.rain.acc":0.7146,"train.dry.acc":0.6861,"train.acc":0.7056,"test.rain.acc":0.744,"test.dry.acc":0.6143,"test.acc":0.6915}]
[{"info":"features: P500,Temp,temp700,temp850,temp925,dlwrf,mslp || step = 9/27","c":10,"sigma":0.1,"train.rain.acc":0.7191,"train.dry.acc":0.698,"train.acc":0.7124,"test.rain.acc":0.7461,"test.dry.acc":0.6136,"test.acc":0.6919}]
[{"info":"features: P850,Temp,temp700,temp850,temp925,dlwrf,mslp,P500 || step = 10/26","c":10,"sigma":0.1,"train.rain.acc":0.7205,"train.dry.acc":0.6989,"train.acc":0.7137,"test.rain.acc":0.748,"test.dry.acc":0.6188,"test.acc":0.6955}]
[{"info":"features: R500,Temp,temp700,temp850,temp925,dlwrf,mslp,P500,P850 || step = 11/25","c":10,"sigma":0.1,"train.rain.acc":0.7464,"train.dry.acc":0.6966,"train.acc":0.7286,"test.rain.acc":0.7798,"test.dry.acc":0.603,"test.acc":0.6964}]
[{"info":"features: R850,Temp,temp700,temp850,temp925,dlwrf,mslp,P500,P850,R500 || step = 12/24","c":1,"sigma":0.1,"train.rain.acc":0.7525,"train.dry.acc":0.7218,"train.acc":0.7419,"test.rain.acc":0.7856,"test.dry.acc":0.6459,"test.acc":0.7252}]
[{"info":"features: shum400,Temp,temp700,temp850,temp925,dlwrf,mslp,P500,P850,R500,R850 || step = 15/23","c":1,"sigma":0.1,"train.rain.acc":0.7536,"train.dry.acc":0.7214,"train.acc":0.7424,"test.rain.acc":0.7946,"test.dry.acc":0.6424,"test.acc":0.7265}]
[{"info":"features: shum500,Temp,temp700,temp850,temp925,dlwrf,mslp,P500,P850,R500,R850,shum400 || step = 16/22","c":1,"sigma":0.1,"train.rain.acc":0.7548,"train.dry.acc":0.7199,"train.acc":0.7426,"test.rain.acc":0.7958,"test.dry.acc":0.642,"test.acc":0.7267}]
[{"info":"features: shum500,Temp,temp700,temp850,temp925,dlwrf,mslp,P500,P850,R500,R850,shum400 || step = 16/22","c":10,"sigma":0.1,"train.rain.acc":0.764,"train.dry.acc":0.7312,"train.acc":0.7524,"test.rain.acc":0.7968,"test.dry.acc":0.6428,"test.acc":0.7275}]
[{"info":"features: shum700,Temp,temp700,temp850,temp925,dlwrf,mslp,P500,P850,R500,R850,shum400,shum500 || step = 17/21","c":1,"sigma":0.1,"train.rain.acc":0.7678,"train.dry.acc":0.7318,"train.acc":0.7548,"test.rain.acc":0.792,"test.dry.acc":0.6632,"test.acc":0.7374}]
[{"info":"features: U500,Temp,temp700,temp850,temp925,dlwrf,mslp,P500,P850,R500,R850,shum400,shum500,shum700 || step = 21/20","c":1,"sigma":0.1,"train.rain.acc":0.7726,"train.dry.acc":0.7361,"train.acc":0.7594,"test.rain.acc":0.7974,"test.dry.acc":0.6634,"test.acc":0.7397}]
[{"info":"features: U700,Temp,temp700,temp850,temp925,dlwrf,mslp,P500,P850,R500,R850,shum400,shum500,shum700,U500 || step = 22/19","c":1,"sigma":0.1,"train.rain.acc":0.7789,"train.dry.acc":0.7434,"train.acc":0.7659,"test.rain.acc":0.8062,"test.dry.acc":0.671,"test.acc":0.7475}]
[{"info":"features: U850,Temp,temp700,temp850,temp925,dlwrf,mslp,P500,P850,R500,R850,shum400,shum500,shum700,U500,U700 || step = 23/18","c":1,"sigma":0.1,"train.rain.acc":0.7846,"train.dry.acc":0.7564,"train.acc":0.7744,"test.rain.acc":0.8044,"test.dry.acc":0.6797,"test.acc":0.7515}]
[{"info":"features: ulwrf,Temp,temp700,temp850,temp925,dlwrf,mslp,P500,P850,R500,R850,shum400,shum500,shum700,U500,U700,U850 || step = 26/17","c":1,"sigma":0.1,"train.rain.acc":0.7877,"train.dry.acc":0.7627,"train.acc":0.7786,"test.rain.acc":0.8049,"test.dry.acc":0.6845,"test.acc":0.7543}]
[{"info":"features: V500,Temp,temp700,temp850,temp925,dlwrf,mslp,P500,P850,R500,R850,shum400,shum500,shum700,U500,U700,U850,ulwrf || step = 27/16","c":1,"sigma":0.1,"train.rain.acc":0.7992,"train.dry.acc":0.7706,"train.acc":0.7886,"test.rain.acc":0.8112,"test.dry.acc":0.6909,"test.acc":0.7604}]
[{"info":"features: V700,Temp,temp700,temp850,temp925,dlwrf,mslp,P500,P850,R500,R850,shum400,shum500,shum700,U500,U700,U850,ulwrf,V500 || step = 28/15","c":1,"sigma":0.1,"train.rain.acc":0.8063,"train.dry.acc":0.779,"train.acc":0.7961,"test.rain.acc":0.8095,"test.dry.acc":0.6985,"test.acc":0.7635}]
[{"info":"features: V850,Temp,temp700,temp850,temp925,dlwrf,mslp,P500,P850,R500,R850,shum400,shum500,shum700,U500,U700,U850,ulwrf,V500,V700 || step = 29/14","c":1,"sigma":0.1,"train.rain.acc":0.8102,"train.dry.acc":0.7845,"train.acc":0.8006,"test.rain.acc":0.811,"test.dry.acc":0.7038,"test.acc":0.7669}]
[{"info":"features: V925,Temp,temp700,temp850,temp925,dlwrf,mslp,P500,P850,R500,R850,shum400,shum500,shum700,U500,U700,U850,ulwrf,V500,V700,V850 || step = 30/13","c":1,"sigma":0.1,"train.rain.acc":0.8123,"train.dry.acc":0.7871,"train.acc":0.8029,"test.rain.acc":0.8118,"test.dry.acc":0.7039,"test.acc":0.7673}]
[{"info":"features: dswrf,Temp,temp700,temp850,temp925,dlwrf,mslp,P500,P850,R500,R850,shum400,shum500,shum700,U500,U700,U850,ulwrf,V500,V700,V850,V925 || step = 33/12","c":1,"sigma":0.1,"train.rain.acc":0.8176,"train.dry.acc":0.7973,"train.acc":0.81,"test.rain.acc":0.8151,"test.dry.acc":0.7043,"test.acc":0.769}]
[{"info":"features: temp500,Temp,temp700,temp850,temp925,dlwrf,mslp,P500,P850,R500,R850,shum400,shum500,shum700,U500,U700,U850,ulwrf,V500,V700,V850,V925,dswrf || step = 1/11","c":1,"sigma":0.1,"train.rain.acc":0.8199,"train.dry.acc":0.7988,"train.acc":0.812,"test.rain.acc":0.8143,"test.dry.acc":0.7075,"test.acc":0.7703}]
[{"info":"features: U925,Temp,temp700,temp850,temp925,dlwrf,mslp,P500,P850,R500,R850,shum400,shum500,shum700,U500,U700,U850,ulwrf,V500,V700,V850,V925,dswrf,temp500 || step = 8/10","c":1,"sigma":0.1,"train.rain.acc":0.8237,"train.dry.acc":0.8012,"train.acc":0.8152,"test.rain.acc":0.8133,"test.dry.acc":0.7089,"test.acc":0.7705}]
[{"info":"features: Uas,Temp,temp700,temp850,temp925,dlwrf,mslp,P500,P850,R500,R850,shum400,shum500,shum700,U500,U700,U850,ulwrf,V500,V700,V850,V925,dswrf,temp500,U925 || step = 9/9","c":1,"sigma":0.1,"train.rain.acc":0.8293,"train.dry.acc":0.8063,"train.acc":0.8206,"test.rain.acc":0.8156,"test.dry.acc":0.7101,"test.acc":0.7722}]
[{"info":"features: P300,Temp,temp700,temp850,temp925,dlwrf,mslp,P500,P850,R500,R850,shum400,shum500,shum700,U500,U700,U850,ulwrf,V500,V700,V850,V925,dswrf,temp500,U925,Uas || step = 1/8","c":1,"sigma":0.1,"train.rain.acc":0.8307,"train.dry.acc":0.8078,"train.acc":0.822,"test.rain.acc":0.8161,"test.dry.acc":0.7097,"test.acc":0.7722}]
[{"info":"features: shum850,Temp,temp700,temp850,temp925,dlwrf,mslp,P500,P850,R500,R850,shum400,shum500,shum700,U500,U700,U850,ulwrf,V500,V700,V850,V925,dswrf,temp500,U925,Uas,P300 || step = 4/7","c":1,"sigma":0.1,"train.rain.acc":0.8307,"train.dry.acc":0.8084,"train.acc":0.8223,"test.rain.acc":0.8155,"test.dry.acc":0.7111,"test.acc":0.7726}]
[{"info":"features: shum925,Temp,temp700,temp850,temp925,dlwrf,mslp,P500,P850,R500,R850,shum400,shum500,shum700,U500,U700,U850,ulwrf,V500,V700,V850,V925,dswrf,temp500,U925,Uas,P300,shum850 || step = 5/6","c":1,"sigma":0.1,"train.rain.acc":0.8324,"train.dry.acc":0.8107,"train.acc":0.8242,"test.rain.acc":0.8173,"test.dry.acc":0.7123,"test.acc":0.7741}]
[{"info":"features: rhum,Temp,temp700,temp850,temp925,dlwrf,mslp,P500,P850,R500,R850,shum400,shum500,shum700,U500,U700,U850,ulwrf,V500,V700,V850,V925,dswrf,temp500,U925,Uas,P300,shum850,shum925 || step = 1/5","c":1,"sigma":0.1,"train.rain.acc":0.8366,"train.dry.acc":0.8177,"train.acc":0.8294,"test.rain.acc":0.8127,"test.dry.acc":0.7027,"test.acc":0.7671}]
[{"info":"features: Tas,Temp,temp700,temp850,temp925,dlwrf,mslp,P500,P850,R500,R850,shum400,shum500,shum700,U500,U700,U850,ulwrf,V500,V700,V850,V925,dswrf,temp500,U925,Uas,P300,shum850,shum925,rhum || step = 3/4","c":1,"sigma":0.1,"train.rain.acc":0.8373,"train.dry.acc":0.8187,"train.acc":0.8303,"test.rain.acc":0.8125,"test.dry.acc":0.7046,"test.acc":0.768}]
[{"info":"features: Vas,Temp,temp700,temp850,temp925,dlwrf,mslp,P500,P850,R500,R850,shum400,shum500,shum700,U500,U700,U850,ulwrf,V500,V700,V850,V925,dswrf,temp500,U925,Uas,P300,shum850,shum925,rhum,Tas || step = 4/3","c":1,"sigma":0.1,"train.rain.acc":0.8406,"train.dry.acc":0.8251,"train.acc":0.8347,"test.rain.acc":0.8116,"test.dry.acc":0.7071,"test.acc":0.7688}]
[{"info":"features: shum300,Temp,temp700,temp850,temp925,dlwrf,mslp,P500,P850,R500,R850,shum400,shum500,shum700,U500,U700,U850,ulwrf,V500,V700,V850,V925,dswrf,temp500,U925,Uas,P300,shum850,shum925,rhum,Tas,Vas || step = 1/2","c":1,"sigma":0.1,"train.rain.acc":0.8439,"train.dry.acc":0.8247,"train.acc":0.8366,"test.rain.acc":0.8113,"test.dry.acc":0.6998,"test.acc":0.765}]
[{"info":"features: uswrf,Temp,temp700,temp850,temp925,dlwrf,mslp,P500,P850,R500,R850,shum400,shum500,shum700,U500,U700,U850,ulwrf,V500,V700,V850,V925,dswrf,temp500,U925,Uas,P300,shum850,shum925,rhum,Tas,Vas,shum300 || step = 2/1","c":1,"sigma":0.1,"train.rain.acc":0.8466,"train.dry.acc":0.8293,"train.acc":0.84,"test.rain.acc":0.8116,"test.dry.acc":0.7012,"test.acc":0.7658}]
