train
features = shum850, train.acc = 0.675627, test.acc = 0.640199
features = P500, shum850, train.acc = 0.716846, test.acc = 0.637717
features = U850, P500, shum850, train.acc = 0.741039, test.acc = 0.660050
features = shum500, U850, P500, shum850, train.acc = 0.761649, test.acc = 0.682382
features = U700, shum500, U850, P500, shum850, train.acc = 0.767921, test.acc = 0.682382
features = V850, U700, shum500, U850, P500, shum850, train.acc = 0.771505, test.acc = 0.694789
features = U500, V850, U700, shum500, U850, P500, shum850, train.acc = 0.782258, test.acc = 0.692308
features = mslp, U500, V850, U700, shum500, U850, P500, shum850, train.acc = 0.788530, test.acc = 0.687345
features = dlwrf, mslp, U500, V850, U700, shum500, U850, P500, shum850, train.acc = 0.795699, test.acc = 0.684864
features = shum400, dlwrf, mslp, U500, V850, U700, shum500, U850, P500, shum850, train.acc = 0.808244, test.acc = 0.682382
features = V925, shum400, dlwrf, mslp, U500, V850, U700, shum500, U850, P500, shum850, train.acc = 0.812724, test.acc = 0.697270
test
features = shum925, train.acc = 0.671147, test.acc = 0.645161
features = U500, shum925, train.acc = 0.681004, test.acc = 0.665012
features = mslp, U500, shum925, train.acc = 0.684588, test.acc = 0.667494
features = Vas, mslp, U500, shum925, train.acc = 0.735663, test.acc = 0.689826
features = temp700, Vas, mslp, U500, shum925, train.acc = 0.758961, test.acc = 0.712159
features = P850, temp700, Vas, mslp, U500, shum925, train.acc = 0.763441, test.acc = 0.722084
and
features = shum850, train.acc = 0.675627, test.acc = 0.640199
features = P850, shum850, train.acc = 0.713262, test.acc = 0.655087
features = dlwrf, P850, shum850, train.acc = 0.727599, test.acc = 0.684864
features = V925, dlwrf, P850, shum850, train.acc = 0.738351, test.acc = 0.704715
features = temp700, V925, dlwrf, P850, shum850, train.acc = 0.749104, test.acc = 0.704715
features = V850, temp700, V925, dlwrf, P850, shum850, train.acc = 0.766129, test.acc = 0.724566
features = dswrf, V850, temp700, V925, dlwrf, P850, shum850, train.acc = 0.773297, test.acc = 0.727047
features = P300, dswrf, V850, temp700, V925, dlwrf, P850, shum850, train.acc = 0.780466, test.acc = 0.729529
features = ulwrf, P300, dswrf, V850, temp700, V925, dlwrf, P850, shum850, train.acc = 0.780466, test.acc = 0.732010
or
features = shum925, train.acc = 0.671147, test.acc = 0.645161
features = Vas, shum925, train.acc = 0.702509, test.acc = 0.657568
features = shum500, Vas, shum925, train.acc = 0.736559, test.acc = 0.689826
features = V700, shum500, Vas, shum925, train.acc = 0.748208, test.acc = 0.712159
features = shum850, V700, shum500, Vas, shum925, train.acc = 0.762545, test.acc = 0.722084
features = uswrf, shum850, V700, shum500, Vas, shum925, train.acc = 0.761649, test.acc = 0.719603
mean
features = shum925, train.acc = 0.671147, test.acc = 0.645161
features = temp700, shum925, train.acc = 0.713262, test.acc = 0.650124
features = Vas, temp700, shum925, train.acc = 0.732975, test.acc = 0.679901
features = shum400, Vas, temp700, shum925, train.acc = 0.759857, test.acc = 0.692308
features = V850, shum400, Vas, temp700, shum925, train.acc = 0.768817, test.acc = 0.702233
features = ulwrf, V850, shum400, Vas, temp700, shum925, train.acc = 0.767025, test.acc = 0.717122
features = Uas, ulwrf, V850, shum400, Vas, temp700, shum925, train.acc = 0.787634, test.acc = 0.732010
harmonic-mean
features = shum925, train.acc = 0.671147, test.acc = 0.645161
features = temp700, shum925, train.acc = 0.713262, test.acc = 0.650124
features = Vas, temp700, shum925, train.acc = 0.732975, test.acc = 0.679901
features = shum400, Vas, temp700, shum925, train.acc = 0.759857, test.acc = 0.692308
features = V850, shum400, Vas, temp700, shum925, train.acc = 0.768817, test.acc = 0.702233
features = ulwrf, V850, shum400, Vas, temp700, shum925, train.acc = 0.767025, test.acc = 0.717122
features = Uas, ulwrf, V850, shum400, Vas, temp700, shum925, train.acc = 0.787634, test.acc = 0.732010
